<?xml version="1.0" encoding="UTF-8"?>
<testsuite xmlns:xsi="http://www.w3.org/2001/XMLSchema-instance" xsi:noNamespaceSchemaLocation="https://maven.apache.org/surefire/maven-surefire-plugin/xsd/surefire-test-report-3.0.xsd" version="3.0" name="hu.nye.progtech.wumplusz.service.map.MapEditorTest" time="0.009" tests="5" errors="0" skipped="0" failures="0">
  <properties>
[...]
</properties>
  <testcase name="testEditShouldPlaceDownAnEntity" classname="hu.nye.progtech.wumplusz.service.map.MapEditorTest" time="0.006"/>
  <testcase name="testHandleTableSizeShouldReturnTableSize" classname="hu.nye.progtech.wumplusz.service.map.MapEditorTest" time="0.001"/>
  <testcase name="testCreateAvailableEntityListShouldCreateSmallList" classname="hu.nye.progtech.wumplusz.service.map.MapEditorTest" time="0.001"/>
  <testcase name="testCreateAvailableEntityListShouldCreateMediumList" classname="hu.nye.progtech.wumplusz.service.map.MapEditorTest" time="0"/>
  <testcase name="testCreateAvailableEntityListShouldCreateBigList" classname="hu.nye.progtech.wumplusz.service.map.MapEditorTest" time="0.001"/>
</testsuite>